WSim 0.99.405svn, rev 406
copyright 2005, 2006, 2007, 2008, 2009, 2010
Citi Lab, INRIA, INSA de Lyon
mcu   : msp430
model : msp430f1611
  xin : 32768
  xt2 : 0

================
WSim stats:
-----------
  simulation user time          : 0.000 s (344 ns)
  simulation backtracks         : 0

Machine stats:
--------------
  simulated time                : 5000002654 ns (5.000 s)
  simulation speedup            : 14.53
  machine exit with signal      : none

MCU:
----
  simulated mcu instructions    : 1587499
  simulated mcu cycles          : 3750512
  simulated mcu mean freq       : 750102.00 c/s (0.75 MHz)
  simulation mean freq          : 10901985.63 c/s (10.90 MHz)
     - does not take into account sleep modes
  mcu exit at PC                : 0x4172
  mcu exit in LPM mode          : Active mode
  mcu exit with IV              : 0x0000

DEVICES:
--------
  - System Platform             :
  - Led display                 :
  - Led display                 :
  - Led display                 :
  - at45db flash memory         :
  - cc2420 radio device         :
  - ptty serial I/O             :

================
